<?xml version="1.0" encoding="UTF-8"?>
<coverage generated="1657759768302" clover="3.2.0">
  <project timestamp="1657759768302" name="All files">
    <metrics statements="25" coveredstatements="12" conditionals="20" coveredconditionals="3" methods="13" coveredmethods="6" elements="58" coveredelements="21" complexity="0" loc="25" ncloc="25" packages="2" files="4" classes="4"/>
    <package name="client.src.components.Reviews">
      <metrics statements="23" coveredstatements="10" conditionals="20" coveredconditionals="3" methods="12" coveredmethods="5"/>
      <file name="ReviewList.jsx" path="/Users/xuxia/hackreactor/FEC-Atelier/client/src/components/Reviews/ReviewList.jsx">
        <metrics statements="9" coveredstatements="5" conditionals="6" coveredconditionals="3" methods="5" coveredmethods="2"/>
        <line num="6" count="1" type="stmt"/>
        <line num="7" count="1" type="stmt"/>
        <line num="12" count="1" type="cond" truecount="2" falsecount="2"/>
        <line num="13" count="0" type="stmt"/>
        <line num="16" count="0" type="stmt"/>
        <line num="19" count="0" type="stmt"/>
        <line num="24" count="1" type="cond" truecount="1" falsecount="1"/>
        <line num="25" count="1" type="stmt"/>
        <line num="28" count="0" type="stmt"/>
      </file>
      <file name="ReviewTile.jsx" path="/Users/xuxia/hackreactor/FEC-Atelier/client/src/components/Reviews/ReviewTile.jsx">
        <metrics statements="6" coveredstatements="1" conditionals="14" coveredconditionals="0" methods="2" coveredmethods="0"/>
        <line num="4" count="1" type="stmt"/>
        <line num="5" count="0" type="stmt"/>
        <line num="6" count="0" type="cond" truecount="0" falsecount="2"/>
        <line num="7" count="0" type="stmt"/>
        <line num="22" count="0" type="stmt"/>
        <line num="30" count="0" type="cond" truecount="0" falsecount="2"/>
      </file>
      <file name="Reviews.jsx" path="/Users/xuxia/hackreactor/FEC-Atelier/client/src/components/Reviews/Reviews.jsx">
        <metrics statements="8" coveredstatements="4" conditionals="0" coveredconditionals="0" methods="5" coveredmethods="3"/>
        <line num="7" count="1" type="stmt"/>
        <line num="8" count="1" type="stmt"/>
        <line num="14" count="1" type="stmt"/>
        <line num="16" count="0" type="stmt"/>
        <line num="17" count="0" type="stmt"/>
        <line num="18" count="0" type="stmt"/>
        <line num="20" count="0" type="stmt"/>
        <line num="25" count="1" type="stmt"/>
      </file>
    </package>
    <package name="tests">
      <metrics statements="2" coveredstatements="2" conditionals="0" coveredconditionals="0" methods="1" coveredmethods="1"/>
      <file name="sum.js" path="/Users/xuxia/hackreactor/FEC-Atelier/tests/sum.js">
        <metrics statements="2" coveredstatements="2" conditionals="0" coveredconditionals="0" methods="1" coveredmethods="1"/>
        <line num="2" count="1" type="stmt"/>
        <line num="5" count="1" type="stmt"/>
      </file>
    </package>
  </project>
</coverage>
