{"/Users/xuxia/hackreactor/FEC-Atelier/client/src/components/Reviews/ReviewList.jsx": {"path":"/Users/xuxia/hackreactor/FEC-Atelier/client/src/components/Reviews/ReviewList.jsx","statementMap":{"0":{"start":{"line":6,"column":4},"end":{"line":6,"column":16}},"1":{"start":{"line":7,"column":4},"end":{"line":9,"column":5}},"2":{"start":{"line":12,"column":2},"end":{"line":23,"column":5}},"3":{"start":{"line":13,"column":4},"end":{"line":22,"column":5}},"4":{"start":{"line":16,"column":8},"end":{"line":16,"column":69}},"5":{"start":{"line":19,"column":7},"end":{"line":19,"column":50}},"6":{"start":{"line":24,"column":4},"end":{"line":33,"column":5}},"7":{"start":{"line":25,"column":6},"end":{"line":32,"column":7}},"8":{"start":{"line":28,"column":10},"end":{"line":28,"column":71}}},"fnMap":{"0":{"name":"(anonymous_0)","decl":{"start":{"line":5,"column":2},"end":{"line":5,"column":3}},"loc":{"start":{"line":5,"column":20},"end":{"line":10,"column":3}},"line":5},"1":{"name":"(anonymous_1)","decl":{"start":{"line":11,"column":2},"end":{"line":11,"column":3}},"loc":{"start":{"line":11,"column":11},"end":{"line":34,"column":3}},"line":11},"2":{"name":"(anonymous_2)","decl":{"start":{"line":15,"column":57},"end":{"line":15,"column":58}},"loc":{"start":{"line":15,"column":67},"end":{"line":17,"column":7}},"line":15},"3":{"name":"(anonymous_3)","decl":{"start":{"line":18,"column":25},"end":{"line":18,"column":26}},"loc":{"start":{"line":18,"column":29},"end":{"line":20,"column":7}},"line":18},"4":{"name":"(anonymous_4)","decl":{"start":{"line":27,"column":59},"end":{"line":27,"column":60}},"loc":{"start":{"line":27,"column":69},"end":{"line":29,"column":9}},"line":27}},"branchMap":{"0":{"loc":{"start":{"line":12,"column":2},"end":{"line":23,"column":5}},"type":"if","locations":[{"start":{"line":12,"column":2},"end":{"line":23,"column":5}},{"start":{},"end":{}}],"line":12},"1":{"loc":{"start":{"line":12,"column":5},"end":{"line":12,"column":82}},"type":"binary-expr","locations":[{"start":{"line":12,"column":5},"end":{"line":12,"column":34}},{"start":{"line":12,"column":38},"end":{"line":12,"column":82}}],"line":12},"2":{"loc":{"start":{"line":24,"column":4},"end":{"line":33,"column":5}},"type":"if","locations":[{"start":{"line":24,"column":4},"end":{"line":33,"column":5}},{"start":{},"end":{}}],"line":24}},"s":{"0":1,"1":1,"2":1,"3":0,"4":0,"5":0,"6":1,"7":1,"8":0},"f":{"0":1,"1":1,"2":0,"3":0,"4":0},"b":{"0":[0,1],"1":[1,0],"2":[1,0]},"_coverageSchema":"1a1c01bbd47fc00a2c39e90264f33305004495a9","hash":"259ba72fd089d356e4646f0a5f8bec2a01266a7e"}
,"/Users/xuxia/hackreactor/FEC-Atelier/client/src/components/Reviews/ReviewTile.jsx": {"path":"/Users/xuxia/hackreactor/FEC-Atelier/client/src/components/Reviews/ReviewTile.jsx","statementMap":{"0":{"start":{"line":4,"column":17},"end":{"line":41,"column":1}},"1":{"start":{"line":5,"column":34},"end":{"line":5,"column":49}},"2":{"start":{"line":6,"column":2},"end":{"line":40,"column":3}},"3":{"start":{"line":7,"column":2},"end":{"line":20,"column":3}},"4":{"start":{"line":22,"column":4},"end":{"line":39,"column":5}},"5":{"start":{"line":30,"column":29},"end":{"line":30,"column":51}}},"fnMap":{"0":{"name":"(anonymous_0)","decl":{"start":{"line":4,"column":17},"end":{"line":4,"column":18}},"loc":{"start":{"line":4,"column":31},"end":{"line":41,"column":1}},"line":4},"1":{"name":"(anonymous_1)","decl":{"start":{"line":30,"column":23},"end":{"line":30,"column":24}},"loc":{"start":{"line":30,"column":29},"end":{"line":30,"column":51}},"line":30}},"branchMap":{"0":{"loc":{"start":{"line":6,"column":2},"end":{"line":40,"column":3}},"type":"if","locations":[{"start":{"line":6,"column":2},"end":{"line":40,"column":3}},{"start":{"line":21,"column":9},"end":{"line":40,"column":3}}],"line":6},"1":{"loc":{"start":{"line":15,"column":5},"end":{"line":15,"column":62}},"type":"cond-expr","locations":[{"start":{"line":15,"column":24},"end":{"line":15,"column":55}},{"start":{"line":15,"column":57},"end":{"line":15,"column":62}}],"line":15},"2":{"loc":{"start":{"line":16,"column":5},"end":{"line":16,"column":77}},"type":"cond-expr","locations":[{"start":{"line":16,"column":23},"end":{"line":16,"column":69}},{"start":{"line":16,"column":72},"end":{"line":16,"column":77}}],"line":16},"3":{"loc":{"start":{"line":28,"column":10},"end":{"line":28,"column":60}},"type":"cond-expr","locations":[{"start":{"line":28,"column":21},"end":{"line":28,"column":32}},{"start":{"line":28,"column":35},"end":{"line":28,"column":60}}],"line":28},"4":{"loc":{"start":{"line":30,"column":54},"end":{"line":30,"column":90}},"type":"cond-expr","locations":[{"start":{"line":30,"column":65},"end":{"line":30,"column":76}},{"start":{"line":30,"column":79},"end":{"line":30,"column":90}}],"line":30},"5":{"loc":{"start":{"line":32,"column":7},"end":{"line":32,"column":64}},"type":"cond-expr","locations":[{"start":{"line":32,"column":26},"end":{"line":32,"column":57}},{"start":{"line":32,"column":59},"end":{"line":32,"column":64}}],"line":32},"6":{"loc":{"start":{"line":33,"column":7},"end":{"line":33,"column":79}},"type":"cond-expr","locations":[{"start":{"line":33,"column":25},"end":{"line":33,"column":71}},{"start":{"line":33,"column":74},"end":{"line":33,"column":79}}],"line":33}},"s":{"0":1,"1":0,"2":0,"3":0,"4":0,"5":0},"f":{"0":0,"1":0},"b":{"0":[0,0],"1":[0,0],"2":[0,0],"3":[0,0],"4":[0,0],"5":[0,0],"6":[0,0]},"_coverageSchema":"1a1c01bbd47fc00a2c39e90264f33305004495a9","hash":"b3c70ef77923c8cb004aad4497d92f5423d9d719"}
,"/Users/xuxia/hackreactor/FEC-Atelier/client/src/components/Reviews/Reviews.jsx": {"path":"/Users/xuxia/hackreactor/FEC-Atelier/client/src/components/Reviews/Reviews.jsx","statementMap":{"0":{"start":{"line":7,"column":4},"end":{"line":7,"column":16}},"1":{"start":{"line":8,"column":4},"end":{"line":10,"column":5}},"2":{"start":{"line":14,"column":4},"end":{"line":20,"column":37}},"3":{"start":{"line":16,"column":22},"end":{"line":16,"column":38}},"4":{"start":{"line":17,"column":8},"end":{"line":17,"column":28}},"5":{"start":{"line":18,"column":8},"end":{"line":18,"column":32}},"6":{"start":{"line":20,"column":20},"end":{"line":20,"column":36}},"7":{"start":{"line":25,"column":4},"end":{"line":30,"column":7}}},"fnMap":{"0":{"name":"(anonymous_0)","decl":{"start":{"line":6,"column":2},"end":{"line":6,"column":3}},"loc":{"start":{"line":6,"column":21},"end":{"line":11,"column":3}},"line":6},"1":{"name":"(anonymous_1)","decl":{"start":{"line":13,"column":2},"end":{"line":13,"column":3}},"loc":{"start":{"line":13,"column":21},"end":{"line":21,"column":3}},"line":13},"2":{"name":"(anonymous_2)","decl":{"start":{"line":15,"column":12},"end":{"line":15,"column":13}},"loc":{"start":{"line":15,"column":19},"end":{"line":19,"column":7}},"line":15},"3":{"name":"(anonymous_3)","decl":{"start":{"line":20,"column":13},"end":{"line":20,"column":14}},"loc":{"start":{"line":20,"column":20},"end":{"line":20,"column":36}},"line":20},"4":{"name":"(anonymous_4)","decl":{"start":{"line":24,"column":2},"end":{"line":24,"column":3}},"loc":{"start":{"line":24,"column":11},"end":{"line":31,"column":3}},"line":24}},"branchMap":{},"s":{"0":1,"1":1,"2":1,"3":0,"4":0,"5":0,"6":0,"7":1},"f":{"0":1,"1":1,"2":0,"3":0,"4":1},"b":{},"_coverageSchema":"1a1c01bbd47fc00a2c39e90264f33305004495a9","hash":"3ab3cccf981c4c681840724b1715c1682f60c4a1"}
,"/Users/xuxia/hackreactor/FEC-Atelier/tests/sum.js": {"path":"/Users/xuxia/hackreactor/FEC-Atelier/tests/sum.js","statementMap":{"0":{"start":{"line":2,"column":2},"end":{"line":2,"column":15}},"1":{"start":{"line":5,"column":0},"end":{"line":5,"column":21}}},"fnMap":{"0":{"name":"sum","decl":{"start":{"line":1,"column":9},"end":{"line":1,"column":12}},"loc":{"start":{"line":1,"column":19},"end":{"line":3,"column":1}},"line":1}},"branchMap":{},"s":{"0":1,"1":1},"f":{"0":1},"b":{},"_coverageSchema":"1a1c01bbd47fc00a2c39e90264f33305004495a9","hash":"d424085505642c8b6af0e261ed0185ea351cd71f"}
}
